2.38698e-17,
0.000865392,
0.00203193,
0.0046256,
0.333875,
0.00343189,
0.000645666,
0.000735985,
0.00195574,
0.00345795,
0.00595869,
0.0125649,
0.332496,
0.0135374,
0.00610599,
0.00342776,
0.00185076,
0.000638228,
0.000490846,
0.00172729,
0.00329747,
0.00563842,
0.00996398,
0.0219074,
0.327354,
0.0311205,
0.0160196,
0.0112013,
0.00880272,
0.00735343,
0.00637464,
0.00566413,
0.0051224,
0.00469417,
0.00434415,
0.00405354,
0.00380711,
0.00359484,
0.00340959,
0.00324711,
0.00310214,
0.00297192,
0.00285492,
0.00274921,
0.00265177,
0.00256317,
0.00248107,
0.00240537,
0.00233607,
0.00227046,
0.00221006,
0.00215226,
0.00209893,
0.00204939,
0.00200204,
0.00195716,
0.00191511,
0.00187568,
0.00183845,
0.0018025,
0.00176823,
0.00173566,
0.0017046,
0.00167515,
0.00164693,
0.00162001,
0.00159379,
0.00156973,
0.0015463,
0.00152298,
0.00150111,
0.00148078,
0.00146046,
0.00144105,
0.00142235,
0.00140473,
0.00138703,
0.00137076,
0.00135526,
0.00133947,
0.0013242,
0.00130991,
0.001296,
0.00128219,
0.00126942,
0.00125673,
0.00124515,
0.00123312,
0.00122134,
0.0012111,
0.00120006,
0.00119003,
0.00117978,
0.00117046,
0.00116098,
0.00115187,
0.00114336,
0.0011346,
0.00112717,
0.00111868,
0.00111135,
0.00110365,
0.00109669,
0.00108929,
0.00108262,
0.00107631,
0.0010703,
0.00106401,
0.00105802,
0.00105204,
0.00104687,
0.00104182,
0.00103667,
0.00103068,
0.00102673,
0.0010212,
0.00101712,
0.00101316,
0.00100861,
0.00100441,
0.00100146,
0.000997854,
0.000993771,
0.000990858,
0.000987388,
0.000984257,
0.000981524,
0.000978591,
0.000976354,
0.000973099,
0.000970634,
0.000968499,
0.000966416,
0.000964233,
0.000962473,
0.000960419,
0.000958412,
0.000957137,
0.000955964,
0.000954532,
0.000953683,
0.000952005,
0.000951378,
0.00095086,
0.00094896,
0.000949432,
0.000948794,
0.000948991,
0.000947739,
0.000948565,
