-3.58047e-15:0,
0.00135933:-0.129802,
0.00638303:-0.304723,
0.021794:-0.693497,
2.09719:-50.0374,
-0.0269417:0.514078,
-0.00608126:0.0966588,
0.00808534:-0.110101,
0.0245478:-0.292332,
0.0488133:-0.516391,
0.0934279:-0.888907,
0.216627:-1.87225,
6.25093:-49.4812,
-0.275585:2.01182,
-0.133797:0.906073,
-0.080433:0.507834,
-0.0462974:0.273727,
-0.0169531:0.0942212,
0.0137963:-0.0723228,
0.0512116:-0.253981,
0.102837:-0.483812,
0.184497:-0.825394,
0.341292:-1.45511,
0.783846:-3.19125,
12.2114:-47.5604,
-1.20819:4.50902,
-0.646198:2.31442,
-0.46876:1.61348,
-0.38164:1.26405,
-0.329846:1.05254,
-0.295481:0.909396,
-0.270994:0.805242,
-0.252688:0.725621,
-0.238514:0.662498,
-0.227137:0.610754,
-0.217899:0.567646,
-0.210224:0.530964,
-0.203742:0.499254,
-0.19819:0.471476,
-0.193437:0.447008,
-0.189263:0.425092,
-0.185573:0.405326,
-0.182335:0.387482,
-0.179481:0.371274,
-0.176861:0.356284,
-0.174548:0.34257,
-0.17242:0.32981,
-0.170499:0.317979,
-0.168812:0.307067,
-0.167186:0.296708,
-0.165754:0.287095,
-0.164339:0.277881,
-0.163095:0.269303,
-0.16199:0.261264,
-0.160912:0.253557,
-0.159892:0.246212,
-0.158971:0.23927,
-0.158143:0.2327,
-0.157385:0.226447,
-0.156623:0.22039,
-0.155901:0.21458,
-0.155226:0.209012,
-0.15459:0.203665,
-0.154006:0.198544,
-0.153448:0.193603,
-0.152926:0.188848,
-0.152388:0.184206,
-0.151979:0.179843,
-0.151558:0.175581,
-0.151075:0.171361,
-0.150666:0.167331,
-0.150345:0.163499,
-0.149963:0.159694,
-0.149612:0.156014,
-0.149275:0.152435,
-0.148995:0.148995,
-0.14865:0.145568,
-0.148404:0.142315,
-0.148191:0.13916,
-0.147897:0.135998,
-0.147611:0.13291,
-0.147386:0.129939,
-0.14716:0.127025,
-0.146899:0.12414,
-0.146716:0.121374,
-0.146499:0.118633,
-0.146373:0.116014,
-0.146153:0.113368,
-0.145926:0.110764,
-0.145843:0.108313,
-0.14563:0.105807,
-0.145504:0.103404,
-0.145316:0.100997,
-0.14521:0.0986848,
-0.145051:0.0963715,
-0.144906:0.0941032,
-0.144806:0.0918968,
-0.144643:0.0896827,
-0.144621:0.0875854,
-0.144435:0.0854184,
-0.144369:0.0833515,
-0.144227:0.0812678,
-0.144156:0.0792502,
-0.143999:0.0772118,
-0.143913:0.0752357,
-0.14385:0.0732953,
-0.143801:0.0713836,
-0.143692:0.0694633,
-0.143599:0.0675723,
-0.143483:0.0656917,
-0.143454:0.06387,
-0.14342:0.0620633,
-0.14335:0.0602587,
-0.143141:0.0584147,
-0.143194:0.0566944,
-0.143006:0.0548949,
-0.143:0.0531812,
-0.142989:0.0514792,
-0.142877:0.049755,
-0.142792:0.0480549,
-0.142866:0.04642,
-0.142829:0.0447598,
-0.142703:0.0430847,
-0.142727:0.0414661,
-0.142652:0.0398292,
-0.142608:0.0382117,
-0.142603:0.0366142,
-0.142551:0.035014,
-0.142584:0.0334427,
-0.14245:0.0318412,
-0.142414:0.0302709,
-0.142409:0.0287146,
-0.142395:0.0271632,
-0.142349:0.0256126,
-0.142349:0.0240766,
-0.142289:0.0225364,
-0.14222:0.0210012,
-0.142242:0.0194848,
-0.142264:0.0179721,
-0.142231:0.0164567,
-0.142269:0.014953,
-0.142167:0.0134387,
-0.142206:0.0119414,
-0.142246:0.0104459,
-0.142063:0.00893785,
-0.14222:0.00745341,
-0.142194:0.00595971,
-0.142278:0.00447128,
-0.14213:0.00297719,
-0.142277:0.00148997,
-0.142173:0,
3.68415e+180:7.89728e-310,
9.58586e-312:9.58587e-312,
1.22772e+118:9.58587e-312,
1.25014e+243:7.48956e+247,
1.91191e+214:-5.98187e+28,
9.8121e+258:3.34724e-45,
5.01403e+180:3.92071e-270,
9.58587e-312:9.58587e-312,
1.66979e+243:9.58587e-312,
9.32677e-315:7.0233e+199,
9.32677e-315:3.9207e-270,
9.58587e-312:9.58587e-312,
1.69596e+199:9.58587e-312,
9.32677e-315:4.94066e-324,
4.94066e-324:9.32678e-315,
1.4822e-323:3.9207e-270,
9.58587e-312:9.58587e-312,
9.32677e-315:1.33414e-231,
9.5702e-312:9.32678e-315,
1.4822e-323:9.32676e-315,
1.3144e-314:3.9207e-270,
9.58587e-312:9.58587e-312,
3.43639e-314:9.58587e-312,
9.32677e-315:4.94066e-324,
2.122e-314:9.32678e-315,
1.4822e-323:3.9207e-270,
9.58587e-312:9.58587e-312,
9.32678e-315:9.5702e-312,
4.82406e+228:9.32678e-315,
9.88131e-324:9.32676e-315,
1.3144e-314:3.9207e-270,
9.58587e-312:9.58587e-312,
3.43639e-314:9.58587e-312,
9.32678e-315:4.94066e-324,
2.122e-314:9.32678e-315,
9.88131e-324:3.9207e-270,
9.58587e-312:9.58587e-312,
9.32676e-315:1.33415e-231,
0:9.58587e-312,
9.58587e-312:3.9207e-270,
9.58587e-312:9.58587e-312,
9.32676e-315:4.94066e-324,
4.94066e-324:4.85481e-28,
9.58587e-312:1.33414e-231,
9.58587e-312:9.58587e-312,
9.32677e-315:4.94066e-324,
1.32062e-314:3.69281e+93,
9.58587e-312:1.33414e-231,
9.58587e-312:9.58587e-312,
9.32677e-315:4.94066e-324,
5.56462e-314:7.70122e+15,
2.58744e+161:1.33414e-231,
9.58587e-312:9.58587e-312,
9.32676e-315:9.5702e-312,
1.32319e+199:9.58587e-312,
9.58587e-312:1.33414e-231,
9.58587e-312:9.58587e-312,
9.32677e-315:4.94066e-324,
3.43639e-314:4.85481e-28,
9.58587e-312:1.33414e-231,
9.58587e-312:9.58587e-312,
9.32677e-315:4.94066e-324,
0:3.69281e+93,
9.31767e-315:0,
3.44262e-314:1.76654e+137,
9.58587e-312:3.92071e-270,
9.58587e-312:9.58587e-312,
9.32677e-315:4.94066e-324,
-nan:4.94066e-324,
9.31767e-315:0,
1.58101e-322:4.85481e-28,
9.58587e-312:3.92071e-270,
9.58587e-312:9.58587e-312,
9.32677e-315:4.94066e-324,
-nan:3.69281e+93,
9.31767e-315:0,
3.16202e-322:1.76654e+137,
9.58587e-312:3.92071e-270,
9.58587e-312:9.58587e-312,
9.32677e-315:4.94066e-324,
-nan:4.82406e+228,
9.31767e-315:0,
1.97626e-323:9.46701e+218,
9.58587e-312:3.92071e-270,
9.58587e-312:9.58587e-312,
9.32677e-315:4.94066e-324,
-nan:1.90887e+136,
9.31767e-315:0,
3.95253e-323:3.1544e+180,
9.58587e-312:3.92071e-270,
9.58587e-312:9.58587e-312,
9.32677e-315:4.94066e-324,
-nan:1.6771e+243,
9.31767e-315:0,
7.90505e-323:4.85179e+21,
9.58587e-312:3.92071e-270,
9.58587e-312:9.58587e-312,
9.32677e-315:4.94066e-324,
1.4822e-323:2.01943e+267,
9.31765e-315:0,
9.3268e-315:1.90887e+136,
9.31804e-315:9.32677e-315,
3.53986e-314:3.9207e-270,
9.58587e-312:9.58587e-312,
5.66185e-314:9.58587e-312,
9.32677e-315:4.94066e-324,
1.97626e-323:3.69281e+93,
9.31765e-315:0,
9.3268e-315:1.76654e+137,
9.31804e-315:3.9207e-270,
9.58587e-312:9.58587e-312,
9.32677e-315:4.94066e-324,
1.97626e-323:4.82406e+228,
9.31765e-315:0,
9.3268e-315:7.91929e-310,
9.31804e-315:9.58587e-312,
1.35877e-314:3.9207e-270,
9.58587e-312:9.58587e-312,
3.48076e-314:9.58587e-312,
9.32677e-315:4.94066e-324,
2.47033e-323:3.1544e+180,
9.31765e-315:0,
9.3268e-315:4.03795e+233,
9.31805e-315:3.9207e-270,
9.58587e-312:9.58587e-312,
9.32677e-315:4.94066e-324,
2.47033e-323:4.85179e+21,
9.31765e-315:0,
9.3268e-315:9.5702e-312,
9.31805e-315:9.32676e-315,
1.3144e-314:3.9207e-270,
9.58587e-312:9.58587e-312,
3.43639e-314:9.58587e-312,
9.32677e-315:4.94066e-324,
2.96439e-323:1.90887e+136,
9.31765e-315:0,
9.3268e-315:3.69281e+93,
9.31805e-315:3.9207e-270,
9.58587e-312:9.58587e-312,
9.32677e-315:4.94066e-324,
2.96439e-323:7.70122e+15,
9.31765e-315:0,
9.3268e-315:4.82406e+228,
9.31805e-315:9.32676e-315,
2.62701e-314:3.9207e-270,
9.58587e-312:9.58587e-312,
1.35877e-314:9.58587e-312,
9.32677e-315:4.94066e-324,
3.45846e-323:1.90887e+136,
